<?xml version="1.0" encoding="UTF-8"?>
<!-- Generated by org.testng.reporters.JUnitReportReporter -->
<testsuite name="com.TestNg.Validations" tests="1" time="0.432" ignored="0" failures="0" timestamp="19 Jun 2019 02:52:38 GMT" skipped="0" hostname="DESKTOP-JB134JG" errors="0">
  <testcase name="loginTest" time="0.432" classname="com.TestNg.Validations"/>
</testsuite> <!-- com.TestNg.Validations -->
