<?xml version="1.0" encoding="UTF-8"?>
<!-- Generated by org.testng.reporters.JUnitReportReporter -->
<testsuite name="com.TestNg.AutoIt" tests="1" time="4.647" ignored="0" failures="0" timestamp="18 Jun 2019 03:18:08 GMT" skipped="0" hostname="DESKTOP-JB134JG" errors="0">
  <testcase name="browsefile" time="4.647" classname="com.TestNg.AutoIt"/>
</testsuite> <!-- com.TestNg.AutoIt -->
