<?xml version="1.0" encoding="UTF-8"?>
<!-- Generated by org.testng.reporters.JUnitReportReporter -->
<testsuite name="com.TestNg.ClassWithMultipleMethods" tests="2" time="8.889" ignored="0" failures="0" timestamp="17 Jun 2019 07:14:28 GMT" skipped="0" hostname="DESKTOP-JB134JG" errors="0">
  <testcase name="serchText" time="8.842" classname="com.TestNg.ClassWithMultipleMethods"/>
  <testcase name="readText" time="0.047" classname="com.TestNg.ClassWithMultipleMethods"/>
</testsuite> <!-- com.TestNg.ClassWithMultipleMethods -->
