<?xml version="1.0" encoding="UTF-8"?>
<!-- Generated by org.testng.reporters.JUnitReportReporter -->
<testsuite name="com.TestNg.TestNGAnnotationsEx" tests="2" time="0.001" ignored="0" failures="0" timestamp="14 Jun 2019 03:21:54 GMT" skipped="0" hostname="DESKTOP-JB134JG" errors="0">
  <testcase name="test" time="0.000" classname="com.TestNg.TestNGAnnotationsEx"/>
  <testcase name="testTwo" time="0.001" classname="com.TestNg.TestNGAnnotationsEx"/>
</testsuite> <!-- com.TestNg.TestNGAnnotationsEx -->
